Determining if the pthread_create exist failed with the following output:
Change Dir: /home/andrew/Desktop/InfineumAutomatedBlender/CMakeFiles/CMakeTmp

Run Build Command:"/usr/bin/make" "cmTC_655e4/fast"
/usr/bin/make -f CMakeFiles/cmTC_655e4.dir/build.make CMakeFiles/cmTC_655e4.dir/build
make[1]: Entering directory '/home/andrew/Desktop/InfineumAutomatedBlender/CMakeFiles/CMakeTmp'
Building C object CMakeFiles/cmTC_655e4.dir/CheckSymbolExists.c.o
/usr/bin/cc     -o CMakeFiles/cmTC_655e4.dir/CheckSymbolExists.c.o   -c /home/andrew/Desktop/InfineumAutomatedBlender/CMakeFiles/CMakeTmp/CheckSymbolExists.c
Linking C executable cmTC_655e4
/usr/bin/cmake -E cmake_link_script CMakeFiles/cmTC_655e4.dir/link.txt --verbose=1
/usr/bin/cc       CMakeFiles/cmTC_655e4.dir/CheckSymbolExists.c.o  -o cmTC_655e4 -rdynamic 
CMakeFiles/cmTC_655e4.dir/CheckSymbolExists.c.o: In function `main':
CheckSymbolExists.c:(.text+0x16): undefined reference to `pthread_create'
collect2: error: ld returned 1 exit status
CMakeFiles/cmTC_655e4.dir/build.make:97: recipe for target 'cmTC_655e4' failed
make[1]: *** [cmTC_655e4] Error 1
make[1]: Leaving directory '/home/andrew/Desktop/InfineumAutomatedBlender/CMakeFiles/CMakeTmp'
Makefile:126: recipe for target 'cmTC_655e4/fast' failed
make: *** [cmTC_655e4/fast] Error 2

File /home/andrew/Desktop/InfineumAutomatedBlender/CMakeFiles/CMakeTmp/CheckSymbolExists.c:
/* */
#include <pthread.h>

int main(int argc, char** argv)
{
  (void)argv;
#ifndef pthread_create
  return ((int*)(&pthread_create))[argc];
#else
  (void)argc;
  return 0;
#endif
}

Determining if the function pthread_create exists in the pthreads failed with the following output:
Change Dir: /home/andrew/Desktop/InfineumAutomatedBlender/CMakeFiles/CMakeTmp

Run Build Command:"/usr/bin/make" "cmTC_2fe46/fast"
/usr/bin/make -f CMakeFiles/cmTC_2fe46.dir/build.make CMakeFiles/cmTC_2fe46.dir/build
make[1]: Entering directory '/home/andrew/Desktop/InfineumAutomatedBlender/CMakeFiles/CMakeTmp'
Building C object CMakeFiles/cmTC_2fe46.dir/CheckFunctionExists.c.o
/usr/bin/cc    -DCHECK_FUNCTION_EXISTS=pthread_create   -o CMakeFiles/cmTC_2fe46.dir/CheckFunctionExists.c.o   -c /usr/share/cmake-3.5/Modules/CheckFunctionExists.c
Linking C executable cmTC_2fe46
/usr/bin/cmake -E cmake_link_script CMakeFiles/cmTC_2fe46.dir/link.txt --verbose=1
/usr/bin/cc   -DCHECK_FUNCTION_EXISTS=pthread_create    CMakeFiles/cmTC_2fe46.dir/CheckFunctionExists.c.o  -o cmTC_2fe46 -rdynamic -lpthreads 
/usr/bin/ld: cannot find -lpthreads
collect2: error: ld returned 1 exit status
CMakeFiles/cmTC_2fe46.dir/build.make:97: recipe for target 'cmTC_2fe46' failed
make[1]: *** [cmTC_2fe46] Error 1
make[1]: Leaving directory '/home/andrew/Desktop/InfineumAutomatedBlender/CMakeFiles/CMakeTmp'
Makefile:126: recipe for target 'cmTC_2fe46/fast' failed
make: *** [cmTC_2fe46/fast] Error 2


Determining if the Q_WS_WIN exist failed with the following output:
Change Dir: /home/andrew/Desktop/InfineumAutomatedBlender/CMakeFiles/CMakeTmp

Run Build Command:"/usr/bin/make" "cmTC_88ec8/fast"
/usr/bin/make -f CMakeFiles/cmTC_88ec8.dir/build.make CMakeFiles/cmTC_88ec8.dir/build
make[1]: Entering directory '/home/andrew/Desktop/InfineumAutomatedBlender/CMakeFiles/CMakeTmp'
Building CXX object CMakeFiles/cmTC_88ec8.dir/CheckSymbolExists.cxx.o
/usr/bin/c++    -I/usr/include/qt4   -o CMakeFiles/cmTC_88ec8.dir/CheckSymbolExists.cxx.o -c /home/andrew/Desktop/InfineumAutomatedBlender/CMakeFiles/CMakeTmp/CheckSymbolExists.cxx
/home/andrew/Desktop/InfineumAutomatedBlender/CMakeFiles/CMakeTmp/CheckSymbolExists.cxx: In function ‘int main(int, char**)’:
/home/andrew/Desktop/InfineumAutomatedBlender/CMakeFiles/CMakeTmp/CheckSymbolExists.cxx:8:19: error: ‘Q_WS_WIN’ was not declared in this scope
   return ((int*)(&Q_WS_WIN))[argc];
                   ^
CMakeFiles/cmTC_88ec8.dir/build.make:65: recipe for target 'CMakeFiles/cmTC_88ec8.dir/CheckSymbolExists.cxx.o' failed
make[1]: *** [CMakeFiles/cmTC_88ec8.dir/CheckSymbolExists.cxx.o] Error 1
make[1]: Leaving directory '/home/andrew/Desktop/InfineumAutomatedBlender/CMakeFiles/CMakeTmp'
Makefile:126: recipe for target 'cmTC_88ec8/fast' failed
make: *** [cmTC_88ec8/fast] Error 2

File /home/andrew/Desktop/InfineumAutomatedBlender/CMakeFiles/CMakeTmp/CheckSymbolExists.cxx:
/* */
#include <QtCore/qglobal.h>

int main(int argc, char** argv)
{
  (void)argv;
#ifndef Q_WS_WIN
  return ((int*)(&Q_WS_WIN))[argc];
#else
  (void)argc;
  return 0;
#endif
}

Determining if the Q_WS_QWS exist failed with the following output:
Change Dir: /home/andrew/Desktop/InfineumAutomatedBlender/CMakeFiles/CMakeTmp

Run Build Command:"/usr/bin/make" "cmTC_dc517/fast"
/usr/bin/make -f CMakeFiles/cmTC_dc517.dir/build.make CMakeFiles/cmTC_dc517.dir/build
make[1]: Entering directory '/home/andrew/Desktop/InfineumAutomatedBlender/CMakeFiles/CMakeTmp'
Building CXX object CMakeFiles/cmTC_dc517.dir/CheckSymbolExists.cxx.o
/usr/bin/c++    -I/usr/include/qt4   -o CMakeFiles/cmTC_dc517.dir/CheckSymbolExists.cxx.o -c /home/andrew/Desktop/InfineumAutomatedBlender/CMakeFiles/CMakeTmp/CheckSymbolExists.cxx
/home/andrew/Desktop/InfineumAutomatedBlender/CMakeFiles/CMakeTmp/CheckSymbolExists.cxx: In function ‘int main(int, char**)’:
/home/andrew/Desktop/InfineumAutomatedBlender/CMakeFiles/CMakeTmp/CheckSymbolExists.cxx:8:19: error: ‘Q_WS_QWS’ was not declared in this scope
   return ((int*)(&Q_WS_QWS))[argc];
                   ^
CMakeFiles/cmTC_dc517.dir/build.make:65: recipe for target 'CMakeFiles/cmTC_dc517.dir/CheckSymbolExists.cxx.o' failed
make[1]: *** [CMakeFiles/cmTC_dc517.dir/CheckSymbolExists.cxx.o] Error 1
make[1]: Leaving directory '/home/andrew/Desktop/InfineumAutomatedBlender/CMakeFiles/CMakeTmp'
Makefile:126: recipe for target 'cmTC_dc517/fast' failed
make: *** [cmTC_dc517/fast] Error 2

File /home/andrew/Desktop/InfineumAutomatedBlender/CMakeFiles/CMakeTmp/CheckSymbolExists.cxx:
/* */
#include <QtCore/qglobal.h>

int main(int argc, char** argv)
{
  (void)argv;
#ifndef Q_WS_QWS
  return ((int*)(&Q_WS_QWS))[argc];
#else
  (void)argc;
  return 0;
#endif
}

Determining if the Q_WS_MAC exist failed with the following output:
Change Dir: /home/andrew/Desktop/InfineumAutomatedBlender/CMakeFiles/CMakeTmp

Run Build Command:"/usr/bin/make" "cmTC_178bd/fast"
/usr/bin/make -f CMakeFiles/cmTC_178bd.dir/build.make CMakeFiles/cmTC_178bd.dir/build
make[1]: Entering directory '/home/andrew/Desktop/InfineumAutomatedBlender/CMakeFiles/CMakeTmp'
Building CXX object CMakeFiles/cmTC_178bd.dir/CheckSymbolExists.cxx.o
/usr/bin/c++    -I/usr/include/qt4   -o CMakeFiles/cmTC_178bd.dir/CheckSymbolExists.cxx.o -c /home/andrew/Desktop/InfineumAutomatedBlender/CMakeFiles/CMakeTmp/CheckSymbolExists.cxx
/home/andrew/Desktop/InfineumAutomatedBlender/CMakeFiles/CMakeTmp/CheckSymbolExists.cxx: In function ‘int main(int, char**)’:
/home/andrew/Desktop/InfineumAutomatedBlender/CMakeFiles/CMakeTmp/CheckSymbolExists.cxx:8:19: error: ‘Q_WS_MAC’ was not declared in this scope
   return ((int*)(&Q_WS_MAC))[argc];
                   ^
CMakeFiles/cmTC_178bd.dir/build.make:65: recipe for target 'CMakeFiles/cmTC_178bd.dir/CheckSymbolExists.cxx.o' failed
make[1]: *** [CMakeFiles/cmTC_178bd.dir/CheckSymbolExists.cxx.o] Error 1
make[1]: Leaving directory '/home/andrew/Desktop/InfineumAutomatedBlender/CMakeFiles/CMakeTmp'
Makefile:126: recipe for target 'cmTC_178bd/fast' failed
make: *** [cmTC_178bd/fast] Error 2

File /home/andrew/Desktop/InfineumAutomatedBlender/CMakeFiles/CMakeTmp/CheckSymbolExists.cxx:
/* */
#include <QtCore/qglobal.h>

int main(int argc, char** argv)
{
  (void)argv;
#ifndef Q_WS_MAC
  return ((int*)(&Q_WS_MAC))[argc];
#else
  (void)argc;
  return 0;
#endif
}

